This is pdfTeX, Version 3.14159265-2.6-1.40.18 (TeX Live 2017) (preloaded format=pdflatex 2017.5.23)  28 AUG 2018 21:43
entering extended mode
 restricted \write18 enabled.
 file:line:error style messages enabled.
 %&-line parsing enabled.
**"/Users/ericgentry/Desktop/Google Drive/College/Thesis/csuci-mscs-thesis-temp
late/2018_CSUCI_EricGentry_Thesis.tex"

(/Users/ericgentry/Desktop/Google Drive/College/Thesis/csuci-mscs-thesis-templa
te/2018_CSUCI_EricGentry_Thesis.tex
LaTeX2e <2017-04-15>
Babel <3.10> and hyphenation patterns for 84 language(s) loaded.
(/usr/local/texlive/2017/texmf-dist/tex/latex/base/article.cls
Document Class: article 2014/09/29 v1.4h Standard LaTeX document class
(/usr/local/texlive/2017/texmf-dist/tex/latex/base/size12.clo
File: size12.clo 2014/09/29 v1.4h Standard LaTeX file (size option)
)
\c@part=\count79
\c@section=\count80
\c@subsection=\count81
\c@subsubsection=\count82
\c@paragraph=\count83
\c@subparagraph=\count84
\c@figure=\count85
\c@table=\count86
\abovecaptionskip=\skip41
\belowcaptionskip=\skip42
\bibindent=\dimen102
)
(/usr/local/texlive/2017/texmf-dist/tex/latex/amsmath/amsmath.sty
Package: amsmath 2016/11/05 v2.16a AMS math features
\@mathmargin=\skip43

For additional information on amsmath, use the `?' option.
(/usr/local/texlive/2017/texmf-dist/tex/latex/amsmath/amstext.sty
Package: amstext 2000/06/29 v2.01 AMS text

(/usr/local/texlive/2017/texmf-dist/tex/latex/amsmath/amsgen.sty
File: amsgen.sty 1999/11/30 v2.0 generic functions
\@emptytoks=\toks14
\ex@=\dimen103
))
(/usr/local/texlive/2017/texmf-dist/tex/latex/amsmath/amsbsy.sty
Package: amsbsy 1999/11/29 v1.2d Bold Symbols
\pmbraise@=\dimen104
)
(/usr/local/texlive/2017/texmf-dist/tex/latex/amsmath/amsopn.sty
Package: amsopn 2016/03/08 v2.02 operator names
)
\inf@bad=\count87
LaTeX Info: Redefining \frac on input line 213.
\uproot@=\count88
\leftroot@=\count89
LaTeX Info: Redefining \overline on input line 375.
\classnum@=\count90
\DOTSCASE@=\count91
LaTeX Info: Redefining \ldots on input line 472.
LaTeX Info: Redefining \dots on input line 475.
LaTeX Info: Redefining \cdots on input line 596.
\Mathstrutbox@=\box26
\strutbox@=\box27
\big@size=\dimen105
LaTeX Font Info:    Redeclaring font encoding OML on input line 712.
LaTeX Font Info:    Redeclaring font encoding OMS on input line 713.
\macc@depth=\count92
\c@MaxMatrixCols=\count93
\dotsspace@=\muskip10
\c@parentequation=\count94
\dspbrk@lvl=\count95
\tag@help=\toks15
\row@=\count96
\column@=\count97
\maxfields@=\count98
\andhelp@=\toks16
\eqnshift@=\dimen106
\alignsep@=\dimen107
\tagshift@=\dimen108
\tagwidth@=\dimen109
\totwidth@=\dimen110
\lineht@=\dimen111
\@envbody=\toks17
\multlinegap=\skip44
\multlinetaggap=\skip45
\mathdisplay@stack=\toks18
LaTeX Info: Redefining \[ on input line 2817.
LaTeX Info: Redefining \] on input line 2818.
)
(/usr/local/texlive/2017/texmf-dist/tex/latex/base/latexsym.sty
Package: latexsym 1998/08/17 v2.2e Standard LaTeX package (lasy symbols)
\symlasy=\mathgroup4
LaTeX Font Info:    Overwriting symbol font `lasy' in version `bold'
(Font)                  U/lasy/m/n --> U/lasy/b/n on input line 52.
)
(/usr/local/texlive/2017/texmf-dist/tex/latex/amsfonts/amsfonts.sty
Package: amsfonts 2013/01/14 v3.01 Basic AMSFonts support
\symAMSa=\mathgroup5
\symAMSb=\mathgroup6
LaTeX Font Info:    Overwriting math alphabet `\mathfrak' in version `bold'
(Font)                  U/euf/m/n --> U/euf/b/n on input line 106.
)
(/usr/local/texlive/2017/texmf-dist/tex/latex/amsfonts/amssymb.sty
Package: amssymb 2013/01/14 v3.01 AMS font symbols
)
(/usr/local/texlive/2017/texmf-dist/tex/latex/caption/caption.sty
Package: caption 2016/02/21 v3.3-144 Customizing captions (AR)

(/usr/local/texlive/2017/texmf-dist/tex/latex/caption/caption3.sty
Package: caption3 2016/05/22 v1.7-166 caption3 kernel (AR)
Package caption3 Info: TeX engine: e-TeX on input line 67.

(/usr/local/texlive/2017/texmf-dist/tex/latex/graphics/keyval.sty
Package: keyval 2014/10/28 v1.15 key=value parser (DPC)
\KV@toks@=\toks19
)
\captionmargin=\dimen112
\captionmargin@=\dimen113
\captionwidth=\dimen114
\caption@tempdima=\dimen115
\caption@indent=\dimen116
\caption@parindent=\dimen117
\caption@hangindent=\dimen118
)
\c@ContinuedFloat=\count99
)
(/usr/local/texlive/2017/texmf-dist/tex/latex/graphics/graphicx.sty
Package: graphicx 2014/10/28 v1.0g Enhanced LaTeX Graphics (DPC,SPQR)

(/usr/local/texlive/2017/texmf-dist/tex/latex/graphics/graphics.sty
Package: graphics 2017/04/14 v1.1b Standard LaTeX Graphics (DPC,SPQR)

(/usr/local/texlive/2017/texmf-dist/tex/latex/graphics/trig.sty
Package: trig 2016/01/03 v1.10 sin cos tan (DPC)
)
(/usr/local/texlive/2017/texmf-dist/tex/latex/graphics-cfg/graphics.cfg
File: graphics.cfg 2016/06/04 v1.11 sample graphics configuration
)
Package graphics Info: Driver file: pdftex.def on input line 99.

(/usr/local/texlive/2017/texmf-dist/tex/latex/graphics-def/pdftex.def
File: pdftex.def 2017/01/12 v0.06k Graphics/color for pdfTeX

(/usr/local/texlive/2017/texmf-dist/tex/generic/oberdiek/infwarerr.sty
Package: infwarerr 2016/05/16 v1.4 Providing info/warning/error messages (HO)
)
(/usr/local/texlive/2017/texmf-dist/tex/generic/oberdiek/ltxcmds.sty
Package: ltxcmds 2016/05/16 v1.23 LaTeX kernel commands for general use (HO)
)
\Gread@gobject=\count100
))
\Gin@req@height=\dimen119
\Gin@req@width=\dimen120
)
(/usr/local/texlive/2017/texmf-dist/tex/latex/oberdiek/epstopdf.sty
Package: epstopdf 2016/05/15 v2.6 Conversion with epstopdf on the fly (HO)

(/usr/local/texlive/2017/texmf-dist/tex/latex/oberdiek/epstopdf-base.sty
Package: epstopdf-base 2016/05/15 v2.6 Base part for package epstopdf

(/usr/local/texlive/2017/texmf-dist/tex/latex/oberdiek/grfext.sty
Package: grfext 2016/05/16 v1.2 Manage graphics extensions (HO)

(/usr/local/texlive/2017/texmf-dist/tex/generic/oberdiek/kvdefinekeys.sty
Package: kvdefinekeys 2016/05/16 v1.4 Define keys (HO)
))
(/usr/local/texlive/2017/texmf-dist/tex/latex/oberdiek/kvoptions.sty
Package: kvoptions 2016/05/16 v3.12 Key value format for package options (HO)

(/usr/local/texlive/2017/texmf-dist/tex/generic/oberdiek/kvsetkeys.sty
Package: kvsetkeys 2016/05/16 v1.17 Key value parser (HO)

(/usr/local/texlive/2017/texmf-dist/tex/generic/oberdiek/etexcmds.sty
Package: etexcmds 2016/05/16 v1.6 Avoid name clashes with e-TeX commands (HO)

(/usr/local/texlive/2017/texmf-dist/tex/generic/oberdiek/ifluatex.sty
Package: ifluatex 2016/05/16 v1.4 Provides the ifluatex switch (HO)
Package ifluatex Info: LuaTeX not detected.
)
Package etexcmds Info: Could not find \expanded.
(etexcmds)             That can mean that you are not using pdfTeX 1.50 or
(etexcmds)             that some package has redefined \expanded.
(etexcmds)             In the latter case, load this package earlier.
)))
(/usr/local/texlive/2017/texmf-dist/tex/generic/oberdiek/pdftexcmds.sty
Package: pdftexcmds 2017/03/19 v0.25 Utility functions of pdfTeX for LuaTeX (HO
)

(/usr/local/texlive/2017/texmf-dist/tex/generic/oberdiek/ifpdf.sty
Package: ifpdf 2017/03/15 v3.2 Provides the ifpdf switch
)
Package pdftexcmds Info: LuaTeX not detected.
Package pdftexcmds Info: \pdf@primitive is available.
Package pdftexcmds Info: \pdf@ifprimitive is available.
Package pdftexcmds Info: \pdfdraftmode found.
)
Package epstopdf-base Info: Redefining graphics rule for `.eps' on input line 4
38.
Package grfext Info: Graphics extension search list:
(grfext)             [.png,.pdf,.jpg,.mps,.jpeg,.jbig2,.jb2,.PNG,.PDF,.JPG,.JPE
G,.JBIG2,.JB2,.eps]
(grfext)             \AppendGraphicsExtensions on input line 456.

(/usr/local/texlive/2017/texmf-dist/tex/latex/latexconfig/epstopdf-sys.cfg
File: epstopdf-sys.cfg 2010/07/13 v1.3 Configuration of (r)epstopdf for TeX Liv
e
)))
(/usr/local/texlive/2017/texmf-dist/tex/latex/subfigure/subfigure.sty
Package: subfigure 2002/03/15 v2.1.5 subfigure package
\subfigtopskip=\skip46
\subfigcapskip=\skip47
\subfigcaptopadj=\dimen121
\subfigbottomskip=\skip48
\subfigcapmargin=\dimen122
\subfiglabelskip=\skip49
\c@subfigure=\count101
\c@lofdepth=\count102
\c@subtable=\count103
\c@lotdepth=\count104

****************************************
* Local config file subfigure.cfg used *
****************************************
(/usr/local/texlive/2017/texmf-dist/tex/latex/subfigure/subfigure.cfg)
\subfig@top=\skip50
\subfig@bottom=\skip51
)
(/usr/local/texlive/2017/texmf-dist/tex/latex/setspace/setspace.sty
Package: setspace 2011/12/19 v6.7a set line spacing
)
(/usr/local/texlive/2017/texmf-dist/tex/latex/graphics/color.sty
Package: color 2016/07/10 v1.1e Standard LaTeX Color (DPC)

(/usr/local/texlive/2017/texmf-dist/tex/latex/graphics-cfg/color.cfg
File: color.cfg 2016/01/02 v1.6 sample color configuration
)
Package color Info: Driver file: pdftex.def on input line 147.
)
(/usr/local/texlive/2017/texmf-dist/tex/latex/listings/listings.sty
\lst@mode=\count105
\lst@gtempboxa=\box28
\lst@token=\toks20
\lst@length=\count106
\lst@currlwidth=\dimen123
\lst@column=\count107
\lst@pos=\count108
\lst@lostspace=\dimen124
\lst@width=\dimen125
\lst@newlines=\count109
\lst@lineno=\count110
\lst@maxwidth=\dimen126

(/usr/local/texlive/2017/texmf-dist/tex/latex/listings/lstmisc.sty
File: lstmisc.sty 2015/06/04 1.6 (Carsten Heinz)
\c@lstnumber=\count111
\lst@skipnumbers=\count112
\lst@framebox=\box29
)
(/usr/local/texlive/2017/texmf-dist/tex/latex/listings/listings.cfg
File: listings.cfg 2015/06/04 1.6 listings configuration
))
Package: listings 2015/06/04 1.6 (Carsten Heinz)

(/usr/local/texlive/2017/texmf-dist/tex/latex/algorithmicx/algpseudocode.sty
Package: algpseudocode 

(/usr/local/texlive/2017/texmf-dist/tex/latex/base/ifthen.sty
Package: ifthen 2014/09/29 v1.1c Standard LaTeX ifthen package (DPC)
)
(/usr/local/texlive/2017/texmf-dist/tex/latex/algorithmicx/algorithmicx.sty
Package: algorithmicx 2005/04/27 v1.2 Algorithmicx

Document Style algorithmicx 1.2 - a greatly improved `algorithmic' style
\c@ALG@line=\count113
\c@ALG@rem=\count114
\c@ALG@nested=\count115
\ALG@tlm=\skip52
\ALG@thistlm=\skip53
\c@ALG@Lnr=\count116
\c@ALG@blocknr=\count117
\c@ALG@storecount=\count118
\c@ALG@tmpcounter=\count119
\ALG@tmplength=\skip54
)
Document Style - pseudocode environments for use with the `algorithmicx' style
) (/usr/local/texlive/2017/texmf-dist/tex/latex/algorithms/algorithm.sty
Package: algorithm 2009/08/24 v0.1 Document Style `algorithm' - floating enviro
nment

(/usr/local/texlive/2017/texmf-dist/tex/latex/float/float.sty
Package: float 2001/11/08 v1.3d Float enhancements (AL)
\c@float@type=\count120
\float@exts=\toks21
\float@box=\box30
\@float@everytoks=\toks22
\@floatcapt=\box31
)
\@float@every@algorithm=\toks23
\c@algorithm=\count121
)
(/usr/local/texlive/2017/texmf-dist/tex/generic/xypic/xy.sty
(/usr/local/texlive/2017/texmf-dist/tex/generic/xypic/xy.tex Bootstrap'ing:
catcodes, docmode,
(/usr/local/texlive/2017/texmf-dist/tex/generic/xypic/xyrecat.tex)
(/usr/local/texlive/2017/texmf-dist/tex/generic/xypic/xyidioms.tex)

 Xy-pic version 3.8.9 <2013/10/06>
 Copyright (c) 1991-2013 by Kristoffer H. Rose <krisrose@tug.org> and others
 Xy-pic is free software: see the User's Guide for details.

Loading kernel: messages; fonts; allocations: state,
\X@c=\dimen127
\Y@c=\dimen128
\U@c=\dimen129
\D@c=\dimen130
\L@c=\dimen131
\R@c=\dimen132
\Edge@c=\toks24
\X@p=\dimen133
\Y@p=\dimen134
\U@p=\dimen135
\D@p=\dimen136
\L@p=\dimen137
\R@p=\dimen138
\Edge@p=\toks25
\X@origin=\dimen139
\Y@origin=\dimen140
\X@xbase=\dimen141
\Y@xbase=\dimen142
\X@ybase=\dimen143
\Y@ybase=\dimen144
\X@min=\dimen145
\Y@min=\dimen146
\X@max=\dimen147
\Y@max=\dimen148
\lastobjectbox@=\box32
\zerodotbox@=\box33
\almostz@=\dimen149
 direction,
\d@X=\dimen150
\d@Y=\dimen151
\K@=\count122
\KK@=\count123
\Direction=\count124
\K@dXdY=\dimen152
\K@dYdX=\dimen153
\xyread@=\read1
\xywrite@=\write3
\csp@=\count125
\quotPTK@=\dimen154

utility macros; pictures: \xy, positions,
\swaptoks@@=\toks26
\connectobjectbox@@=\box34
 objects,
\styletoks@=\toks27
 decorations;
kernel objects: directionals, circles, text; options; algorithms: directions,
edges, connections;  Xy-pic loaded)
Package: xy 2013/10/06 Xy-pic version 3.8.9

(/usr/local/texlive/2017/texmf-dist/tex/generic/xypic/xyall.tex
 Xy-pic option: All features v.3.8
(/usr/local/texlive/2017/texmf-dist/tex/generic/xypic/xycurve.tex
 Xy-pic option: Curve and Spline extension v.3.12 curve,
\crv@cnt@=\count126
\crvpts@=\toks28
\splinebox@=\box35
\splineval@=\dimen155
\splinedepth@=\dimen156
\splinetol@=\dimen157
\splinelength@=\dimen158
 circles,
\L@=\dimen159
 loaded)
(/usr/local/texlive/2017/texmf-dist/tex/generic/xypic/xyframe.tex
 Xy-pic option: Frame and Bracket extension v.3.14 loaded)
(/usr/local/texlive/2017/texmf-dist/tex/generic/xypic/xycmtip.tex
 Xy-pic option: Computer Modern tip extension v.3.7
(/usr/local/texlive/2017/texmf-dist/tex/generic/xypic/xytips.tex
 Xy-pic option: More Tips extension v.3.11 loaded) loaded)
(/usr/local/texlive/2017/texmf-dist/tex/generic/xypic/xyline.tex
 Xy-pic option: Line styles extension v.3.10
\xylinethick@=\dimen160
 loaded)
(/usr/local/texlive/2017/texmf-dist/tex/generic/xypic/xyrotate.tex
 Xy-pic option: Rotate and Scale extension v.3.8 loaded)
(/usr/local/texlive/2017/texmf-dist/tex/generic/xypic/xycolor.tex
 Xy-pic option: Colour extension v.3.11 loaded)
(/usr/local/texlive/2017/texmf-dist/tex/generic/xypic/xymatrix.tex
 Xy-pic option: Matrix feature v.3.14
\Row=\count127
\Col=\count128
\queue@=\toks29
\queue@@=\toks30
\qcount@=\count129
\qcount@@=\count130
\matrixsize@=\count131
 loaded)
(/usr/local/texlive/2017/texmf-dist/tex/generic/xypic/xyarrow.tex
 Xy-pic option: Arrow and Path feature v.3.9 path, \ar, loaded)
(/usr/local/texlive/2017/texmf-dist/tex/generic/xypic/xygraph.tex
 Xy-pic option: Graph feature v.3.11 loaded) loaded)
(/usr/local/texlive/2017/texmf-dist/tex/generic/xypic/xypdf.tex
 Xy-pic option: PDF driver v.1.7 Xy-pic pdf driver: `color' extension support
(/usr/local/texlive/2017/texmf-dist/tex/generic/xypic/xypdf-co.tex loaded)
Xy-pic pdf driver: `curve' extension support
(/usr/local/texlive/2017/texmf-dist/tex/generic/xypic/xypdf-cu.tex loaded)
Xy-pic pdf driver: `frame' extension support
(/usr/local/texlive/2017/texmf-dist/tex/generic/xypic/xypdf-fr.tex loaded)
Xy-pic pdf driver: `line' extension support
(/usr/local/texlive/2017/texmf-dist/tex/generic/xypic/xypdf-li.tex loaded)
Xy-pic pdf driver: `rotate' extension support
(/usr/local/texlive/2017/texmf-dist/tex/generic/xypic/xypdf-ro.tex loaded)
loaded)) (/usr/local/texlive/2017/texmf-dist/tex/latex/pdfpages/pdfpages.sty
Package: pdfpages 2017/01/14 v0.5h Insert pages of external PDF documents (AM)

(/usr/local/texlive/2017/texmf-dist/tex/latex/tools/calc.sty
Package: calc 2014/10/28 v4.3 Infix arithmetic (KKT,FJ)
\calc@Acount=\count132
\calc@Bcount=\count133
\calc@Adimen=\dimen161
\calc@Bdimen=\dimen162
\calc@Askip=\skip55
\calc@Bskip=\skip56
LaTeX Info: Redefining \setlength on input line 80.
LaTeX Info: Redefining \addtolength on input line 81.
\calc@Ccount=\count134
\calc@Cskip=\skip57
)
(/usr/local/texlive/2017/texmf-dist/tex/latex/eso-pic/eso-pic.sty
Package: eso-pic 2015/07/21 v2.0g eso-pic (RN)

(/usr/local/texlive/2017/texmf-dist/tex/generic/oberdiek/atbegshi.sty
Package: atbegshi 2016/06/09 v1.18 At begin shipout hook (HO)
))
\AM@pagewidth=\dimen163
\AM@pageheight=\dimen164

(/usr/local/texlive/2017/texmf-dist/tex/latex/pdfpages/pppdftex.def
File: pppdftex.def 2017/01/14 v0.5h Pdfpages driver for pdfTeX (AM)
)
\AM@pagebox=\box36
\AM@global@opts=\toks31
\AM@toc@title=\toks32
\c@AM@survey=\count135
\AM@templatesizebox=\box37
)
(/usr/local/texlive/2017/texmf-dist/tex/generic/ulem/ulem.sty
\UL@box=\box38
\UL@hyphenbox=\box39
\UL@skip=\skip58
\UL@hook=\toks33
\UL@height=\dimen165
\UL@pe=\count136
\UL@pixel=\dimen166
\ULC@box=\box40
Package: ulem 2012/05/18
\ULdepth=\dimen167
)
(/usr/local/texlive/2017/texmf-dist/tex/latex/glossaries/base/glossaries.sty
Package: glossaries 2017/01/19 v4.29 (NLCT)

(/usr/local/texlive/2017/texmf-dist/tex/latex/xkeyval/xkeyval.sty
Package: xkeyval 2014/12/03 v2.7a package option processing (HA)

(/usr/local/texlive/2017/texmf-dist/tex/generic/xkeyval/xkeyval.tex
(/usr/local/texlive/2017/texmf-dist/tex/generic/xkeyval/xkvutils.tex
\XKV@toks=\toks34
\XKV@tempa@toks=\toks35
)
\XKV@depth=\count137
File: xkeyval.tex 2014/12/03 v2.7a key=value parser (HA)
))
(/usr/local/texlive/2017/texmf-dist/tex/latex/mfirstuc/mfirstuc.sty
Package: mfirstuc 2016/07/31 v2.04 (NLCT)

(/usr/local/texlive/2017/texmf-dist/tex/latex/etoolbox/etoolbox.sty
Package: etoolbox 2017/01/02 v2.4 e-TeX tools for LaTeX (JAW)
\etb@tempcnta=\count138
)
\@glsmfirst=\toks36
\@glsmrest=\toks37
)
(/usr/local/texlive/2017/texmf-dist/tex/latex/textcase/textcase.sty
Package: textcase 2004/10/07 v0.07 Text only upper/lower case changing (DPC)
)
(/usr/local/texlive/2017/texmf-dist/tex/latex/xfor/xfor.sty
Package: xfor 2009/02/05 v1.05 (NLCT)
)
(/usr/local/texlive/2017/texmf-dist/tex/latex/datatool/datatool-base.sty
Package: datatool-base 2016/07/28 v2.27 (NLCT)

(/usr/local/texlive/2017/texmf-dist/tex/latex/substr/substr.sty
Package: substr 2009/10/20 v1.2 Handle substrings
\c@su@anzahl=\count139
)
(/usr/local/texlive/2017/texmf-dist/tex/latex/datatool/datatool-fp.sty
Package: datatool-fp 2016/07/28 v2.27 (NLCT)

(/usr/local/texlive/2017/texmf-dist/tex/latex/fp/fp.sty
Package: fp 1995/04/02

`Fixed Point Package', Version 0.8, April 2, 1995 (C) Michael Mehlich
(/usr/local/texlive/2017/texmf-dist/tex/latex/fp/defpattern.sty
Package: defpattern 1994/10/12
\actioncount=\count140
)
(/usr/local/texlive/2017/texmf-dist/tex/latex/fp/fp-basic.sty
Package: fp-basic 1996/05/13
\FP@xs=\count141
\FP@xia=\count142
\FP@xib=\count143
\FP@xfa=\count144
\FP@xfb=\count145
\FP@rega=\count146
\FP@regb=\count147
\FP@regs=\count148
\FP@times=\count149
)
(/usr/local/texlive/2017/texmf-dist/tex/latex/fp/fp-addons.sty
Package: fp-addons 1995/03/15
)
(/usr/local/texlive/2017/texmf-dist/tex/latex/fp/fp-snap.sty
Package: fp-snap 1995/04/05
)
(/usr/local/texlive/2017/texmf-dist/tex/latex/fp/fp-exp.sty
Package: fp-exp 1995/04/03
)
(/usr/local/texlive/2017/texmf-dist/tex/latex/fp/fp-trigo.sty
Package: fp-trigo 1995/04/14
)
(/usr/local/texlive/2017/texmf-dist/tex/latex/fp/fp-pas.sty
Package: fp-pas 1994/08/29
)
(/usr/local/texlive/2017/texmf-dist/tex/latex/fp/fp-random.sty
Package: fp-random 1995/02/23
\FPseed=\count150
)
(/usr/local/texlive/2017/texmf-dist/tex/latex/fp/fp-eqn.sty
Package: fp-eqn 1995/04/03
)
(/usr/local/texlive/2017/texmf-dist/tex/latex/fp/fp-upn.sty
Package: fp-upn 1996/10/21
)
(/usr/local/texlive/2017/texmf-dist/tex/latex/fp/fp-eval.sty
Package: fp-eval 1995/04/03
)))
\@dtl@toks=\toks38
\@dtl@tmpcount=\count151
\dtl@tmplength=\skip59
\dtl@sortresult=\count152
\@dtl@numgrpsepcount=\count153
\@dtl@datatype=\count154
\dtl@codeA=\count155
\dtl@codeB=\count156
\@dtl@foreach@level=\count157
)
(/usr/local/texlive/2017/texmf-dist/tex/latex/glossaries/base/glossaries-compat
ible-307.sty
Package: glossaries-compatible-307 2017/01/19 v4.29 (NLCT)
)
\gls@level=\count158
\@gls@tmpb=\toks39
\gls@tmplen=\skip60
\glskeylisttok=\toks40
\glslabeltok=\toks41
\glsshorttok=\toks42
\glslongtok=\toks43

(/usr/local/texlive/2017/texmf-dist/tex/latex/glossaries/styles/glossary-hypern
av.sty
Package: glossary-hypernav 2017/01/19 v4.29 (NLCT)
)
(/usr/local/texlive/2017/texmf-dist/tex/latex/glossaries/styles/glossary-list.s
ty
Package: glossary-list 2017/01/19 v4.29 (NLCT)
\glslistdottedwidth=\skip61
)
(/usr/local/texlive/2017/texmf-dist/tex/latex/glossaries/styles/glossary-long.s
ty
Package: glossary-long 2017/01/19 v4.29 (NLCT)
 (/usr/local/texlive/2017/texmf-dist/tex/latex/tools/longtable.sty
Package: longtable 2014/10/28 v4.11 Multi-page Table package (DPC)
\LTleft=\skip62
\LTright=\skip63
\LTpre=\skip64
\LTpost=\skip65
\LTchunksize=\count159
\LTcapwidth=\dimen168
\LT@head=\box41
\LT@firsthead=\box42
\LT@foot=\box43
\LT@lastfoot=\box44
\LT@cols=\count160
\LT@rows=\count161
\c@LT@tables=\count162
\c@LT@chunks=\count163
\LT@p@ftn=\toks44
)
\glsdescwidth=\skip66
\glspagelistwidth=\skip67
)
(/usr/local/texlive/2017/texmf-dist/tex/latex/glossaries/styles/glossary-super.
sty
Package: glossary-super 2017/01/19 v4.29 (NLCT)
 (/usr/local/texlive/2017/texmf-dist/tex/latex/supertabular/supertabular.sty
Package: supertabular 2004/02/20 v4.1e the supertabular environment
\c@tracingst=\count164
\ST@wd=\dimen169
\ST@rightskip=\skip68
\ST@leftskip=\skip69
\ST@parfillskip=\skip70
\ST@pageleft=\dimen170
\ST@headht=\dimen171
\ST@tailht=\dimen172
\ST@pagesofar=\dimen173
\ST@pboxht=\dimen174
\ST@lineht=\dimen175
\ST@stretchht=\dimen176
\ST@prevht=\dimen177
\ST@toadd=\dimen178
\ST@dimen=\dimen179
\ST@pbox=\box45
))
(/usr/local/texlive/2017/texmf-dist/tex/latex/glossaries/styles/glossary-tree.s
ty
Package: glossary-tree 2017/01/19 v4.29 (NLCT)
\glstreeindent=\skip71
)) (./definitions.tex)
\c@alg=\count165
\c@thrm=\count166
 (./2018_CSUCI_EricGentry_Thesis.aux)
\openout1 = `2018_CSUCI_EricGentry_Thesis.aux'.

LaTeX Font Info:    Checking defaults for OML/cmm/m/it on input line 306.
LaTeX Font Info:    ... okay on input line 306.
LaTeX Font Info:    Checking defaults for T1/cmr/m/n on input line 306.
LaTeX Font Info:    ... okay on input line 306.
LaTeX Font Info:    Checking defaults for OT1/cmr/m/n on input line 306.
LaTeX Font Info:    ... okay on input line 306.
LaTeX Font Info:    Checking defaults for OMS/cmsy/m/n on input line 306.
LaTeX Font Info:    ... okay on input line 306.
LaTeX Font Info:    Checking defaults for OMX/cmex/m/n on input line 306.
LaTeX Font Info:    ... okay on input line 306.
LaTeX Font Info:    Checking defaults for U/cmr/m/n on input line 306.
LaTeX Font Info:    ... okay on input line 306.
Package caption Info: Begin \AtBeginDocument code.
Package caption Info: float package is loaded.
Package caption Info: listings package is loaded.
Package caption Info: longtable package is loaded.

(/usr/local/texlive/2017/texmf-dist/tex/latex/caption/ltcaption.sty
Package: ltcaption 2013/06/09 v1.4-94 longtable captions (AR)
)
Package caption Info: subfigure package is loaded.
Package caption Info: supertabular package is loaded.
Package caption Info: End \AtBeginDocument code.

(/usr/local/texlive/2017/texmf-dist/tex/context/base/mkii/supp-pdf.mkii
[Loading MPS to PDF converter (version 2006.09.02).]
\scratchcounter=\count167
\scratchdimen=\dimen180
\scratchbox=\box46
\nofMPsegments=\count168
\nofMParguments=\count169
\everyMPshowfont=\toks45
\MPscratchCnt=\count170
\MPscratchDim=\dimen181
\MPnumerator=\count171
\makeMPintoPDFobject=\count172
\everyMPtoPDFconversion=\toks46
)
\c@lstlisting=\count173
LaTeX Font Info:    Try loading font information for U+lasy on input line 306.
 (/usr/local/texlive/2017/texmf-dist/tex/latex/base/ulasy.fd
File: ulasy.fd 1998/08/17 v2.2e LaTeX symbol font definitions
)
LaTeX Font Info:    Try loading font information for U+msa on input line 306.

(/usr/local/texlive/2017/texmf-dist/tex/latex/amsfonts/umsa.fd
File: umsa.fd 2013/01/14 v3.01 AMS symbols A
)
LaTeX Font Info:    Try loading font information for U+msb on input line 306.

(/usr/local/texlive/2017/texmf-dist/tex/latex/amsfonts/umsb.fd
File: umsb.fd 2013/01/14 v3.01 AMS symbols B
)
Package xypdf Info: Line width: 0.47998pt on input line 306.
\AtBeginShipoutBox=\box47

(/usr/local/texlive/2017/texmf-dist/tex/latex/oberdiek/pdflscape.sty
Package: pdflscape 2016/05/14 v0.11 Display of landscape pages in PDF (HO)

(/usr/local/texlive/2017/texmf-dist/tex/latex/graphics/lscape.sty
Package: lscape 2000/10/22 v3.01 Landscape Pages (DPC)
)
Package pdflscape Info: Auto-detected driver: pdftex on input line 81.

(/usr/local/texlive/2017/texmf-dist/tex/generic/ifxetex/ifxetex.sty
Package: ifxetex 2010/09/12 v0.6 Provides ifxetex conditional
)) [1

{/usr/local/texlive/2017/texmf-var/fonts/map/pdftex/updmap/pdftex.map}] [2]
LaTeX Font Info:    Try loading font information for OMS+cmr on input line 341.


(/usr/local/texlive/2017/texmf-dist/tex/latex/base/omscmr.fd
File: omscmr.fd 2014/09/29 v2.5h Standard LaTeX font definitions
)
LaTeX Font Info:    Font shape `OMS/cmr/m/n' in size <12> not available
(Font)              Font shape `OMS/cmsy/m/n' tried instead on input line 341.
 [1] [2]
<DistributionLicense.pdf, id=18, 614.295pt x 794.97pt>
File: DistributionLicense.pdf Graphic file (type pdf)

<use DistributionLicense.pdf>
Package pdftex.def Info: DistributionLicense.pdf used on input line 377.
(pdftex.def)             Requested size: 614.29349pt x 794.96806pt.
File: DistributionLicense.pdf Graphic file (type pdf)
 <use DistributionLicense.pdf>
Package pdftex.def Info: DistributionLicense.pdf used on input line 377.
(pdftex.def)             Requested size: 614.29349pt x 794.96806pt.

<DistributionLicense.pdf, id=21, page=1, 614.295pt x 794.97pt>
File: DistributionLicense.pdf Graphic file (type pdf)

<use DistributionLicense.pdf, page 1>
Package pdftex.def Info: DistributionLicense.pdf, page1 used on input line 377.

(pdftex.def)             Requested size: 614.29349pt x 794.96806pt.
File: DistributionLicense.pdf Graphic file (type pdf)
 <use DistributionLicense.pdf, page 1>
Package pdftex.def Info: DistributionLicense.pdf, page1 used on input line 377.

(pdftex.def)             Requested size: 614.58406pt x 795.3441pt.
File: DistributionLicense.pdf Graphic file (type pdf)

<use DistributionLicense.pdf, page 1>
Package pdftex.def Info: DistributionLicense.pdf, page1 used on input line 377.

(pdftex.def)             Requested size: 614.58406pt x 795.3441pt.
File: DistributionLicense.pdf Graphic file (type pdf)
 <use DistributionLicense.pdf, page 1>
Package pdftex.def Info: DistributionLicense.pdf, page1 used on input line 377.

(pdftex.def)             Requested size: 614.58406pt x 795.3441pt.
File: DistributionLicense.pdf Graphic file (type pdf)

<use DistributionLicense.pdf, page 1>
Package pdftex.def Info: DistributionLicense.pdf, page1 used on input line 377.

(pdftex.def)             Requested size: 614.58406pt x 795.3441pt.
 [3 <./DistributionLicense.pdf>]
Underfull \hbox (badness 10000) in paragraph at lines 387--390

 []


Underfull \hbox (badness 10000) in paragraph at lines 392--399

 []

[4] [5] (./2018_CSUCI_EricGentry_Thesis.toc [1])
\tf@toc=\write4
\openout4 = `2018_CSUCI_EricGentry_Thesis.toc'.

 [2] [3] [4]
(./2018_CSUCI_EricGentry_Thesis.lof)
\tf@lof=\write5
\openout5 = `2018_CSUCI_EricGentry_Thesis.lof'.

 [5] (./2018_CSUCI_EricGentry_Thesis.lot)
\tf@lot=\write6
\openout6 = `2018_CSUCI_EricGentry_Thesis.lot'.


[6]
Underfull \hbox (badness 10000) in paragraph at lines 440--445

 []


Underfull \hbox (badness 10000) in paragraph at lines 446--457

 []


Underfull \hbox (badness 10000) in paragraph at lines 458--468

 []

[1]
Underfull \hbox (badness 10000) in paragraph at lines 469--475

 []


Underfull \hbox (badness 10000) in paragraph at lines 476--482

 []

[2]
Underfull \hbox (badness 10000) in paragraph at lines 483--490

 []


Underfull \hbox (badness 10000) in paragraph at lines 491--501

 []

[3]
Underfull \hbox (badness 10000) in paragraph at lines 521--527

 []

[4] [5]
Underfull \hbox (badness 10000) in paragraph at lines 555--561

 []


Underfull \hbox (badness 10000) in paragraph at lines 562--568

 []

[6]
Underfull \hbox (badness 10000) in paragraph at lines 569--580

 []


Underfull \hbox (badness 10000) in paragraph at lines 581--586

 []


Underfull \hbox (badness 10000) in paragraph at lines 587--593

 []


Underfull \hbox (badness 10000) in paragraph at lines 594--598

 []

[7]
Underfull \hbox (badness 10000) in paragraph at lines 599--601

 []


Underfull \hbox (badness 10000) in paragraph at lines 602--608

 []


Underfull \hbox (badness 10000) in paragraph at lines 609--616

 []


Underfull \hbox (badness 10000) in paragraph at lines 619--625

 []

[8]
Underfull \hbox (badness 10000) in paragraph at lines 626--633

 []

[9] [10] <images/IDIP.png, id=95, 513.92pt x 124.465pt>
File: images/IDIP.png Graphic file (type png)
 <use images/IDIP.png>
Package pdftex.def Info: images/IDIP.png used on input line 682.
(pdftex.def)             Requested size: 312.00119pt x 75.56459pt.

[11 <./images/IDIP.png>]
Underfull \hbox (badness 10000) in paragraph at lines 711--725

 []


Underfull \hbox (badness 10000) in paragraph at lines 726--733

 []


Underfull \hbox (badness 10000) in paragraph at lines 734--739

 []

[12]
Underfull \hbox (badness 10000) in paragraph at lines 740--755

 []


Underfull \hbox (badness 10000) in paragraph at lines 756--764

 []

[13]
Underfull \hbox (badness 10000) in paragraph at lines 765--768

 []


Underfull \hbox (badness 10000) in paragraph at lines 771--773

 []


Underfull \hbox (badness 10000) in paragraph at lines 774--781

 []


Underfull \hbox (badness 10000) in paragraph at lines 782--789

 []

[14]
Underfull \hbox (badness 10000) in paragraph at lines 792--803

 []

<images/CFFTPM.png, id=111, 643.40375pt x 655.44875pt>
File: images/CFFTPM.png Graphic file (type png)
 <use images/CFFTPM.png>
Package pdftex.def Info: images/CFFTPM.png used on input line 806.
(pdftex.def)             Requested size: 312.00119pt x 317.85225pt.

Underfull \hbox (badness 10000) in paragraph at lines 811--822

 []

[15] [16 <./images/CFFTPM.png>]
Underfull \hbox (badness 10000) in paragraph at lines 823--834

 []


Underfull \hbox (badness 10000) in paragraph at lines 835--846

 []


Underfull \hbox (badness 10000) in paragraph at lines 847--852

 []

[17]
Underfull \hbox (badness 10000) in paragraph at lines 853--860

 []


Underfull \hbox (badness 10000) in paragraph at lines 861--865

 []


Underfull \hbox (badness 10000) in paragraph at lines 866--870

 []


Underfull \hbox (badness 10000) in paragraph at lines 871--879

 []

[18]
Underfull \hbox (badness 10000) in paragraph at lines 880--888

 []


Underfull \hbox (badness 10000) in paragraph at lines 891--899

 []

[19]
Underfull \hbox (badness 10000) in paragraph at lines 900--905

 []


Underfull \hbox (badness 10000) in paragraph at lines 906--909

 []


Underfull \hbox (badness 10000) in paragraph at lines 910--913

 []


Underfull \hbox (badness 10000) in paragraph at lines 914--918

 []

[20]
Underfull \hbox (badness 10000) in paragraph at lines 921--925

 []


Underfull \hbox (badness 10000) in paragraph at lines 926--931

 []


Underfull \hbox (badness 10000) in paragraph at lines 932--939

 []


Underfull \hbox (badness 10000) in paragraph at lines 940--948

 []

[21]
Underfull \hbox (badness 10000) in paragraph at lines 949--954

 []


Underfull \hbox (badness 10000) in paragraph at lines 955--961

 []


Underfull \hbox (badness 10000) in paragraph at lines 964--968

 []

[22] [23]
Underfull \hbox (badness 10000) in paragraph at lines 996--1007

 []


Underfull \hbox (badness 10000) in paragraph at lines 1008--1017

 []

[24]
Underfull \hbox (badness 10000) in paragraph at lines 1018--1023

 []


Underfull \hbox (badness 10000) in paragraph at lines 1024--1033

 []


Underfull \hbox (badness 10000) in paragraph at lines 1034--1038

 []


Underfull \hbox (badness 10000) in paragraph at lines 1039--1044

 []

[25]
Underfull \hbox (badness 10000) in paragraph at lines 1045--1052

 []


Underfull \hbox (badness 10000) in paragraph at lines 1053--1059

 []


Underfull \hbox (badness 10000) in paragraph at lines 1060--1067

 []

[26]
Underfull \hbox (badness 10000) in paragraph at lines 1070--1077

 []

<images/IOT_chart.jpg, id=151, 1259.70625pt x 565.11125pt>
File: images/IOT_chart.jpg Graphic file (type jpg)

<use images/IOT_chart.jpg>
Package pdftex.def Info: images/IOT_chart.jpg used on input line 1080.
(pdftex.def)             Requested size: 390.0pt x 174.94986pt.
 [27]
Underfull \hbox (badness 10000) in paragraph at lines 1085--1092

 []


Underfull \hbox (badness 10000) in paragraph at lines 1093--1097

 []


Underfull \hbox (badness 10000) in paragraph at lines 1098--1102

 []

[28 <./images/IOT_chart.jpg>]
Underfull \hbox (badness 10000) in paragraph at lines 1103--1108

 []


Underfull \hbox (badness 10000) in paragraph at lines 1109--1112

 []


Underfull \hbox (badness 10000) in paragraph at lines 1113--1117

 []


Overfull \hbox (1.41574pt too wide) in paragraph at lines 1118--1124
[]\OT1/cmr/m/n/10.95 Another is-sue that Raghavan[[]] pro-posed is the vol-ume 
of data to sort through.
 []


Underfull \hbox (badness 10000) in paragraph at lines 1118--1124

 []


Underfull \hbox (badness 10000) in paragraph at lines 1125--1129

 []

[29]
Underfull \hbox (badness 10000) in paragraph at lines 1130--1134

 []


Underfull \hbox (badness 10000) in paragraph at lines 1135--1144

 []


Underfull \hbox (badness 10000) in paragraph at lines 1145--1153

 []

[30]
Underfull \hbox (badness 10000) in paragraph at lines 1154--1157

 []


Underfull \hbox (badness 10000) in paragraph at lines 1160--1166

 []


Underfull \hbox (badness 10000) in paragraph at lines 1167--1171

 []


Underfull \hbox (badness 10000) in paragraph at lines 1172--1176

 []

[31]
Underfull \hbox (badness 10000) in paragraph at lines 1177--1180

 []


Underfull \hbox (badness 10000) in paragraph at lines 1181--1192

 []


Underfull \hbox (badness 10000) in paragraph at lines 1193--1198

 []


Underfull \hbox (badness 10000) in paragraph at lines 1202--1211

 []

[32]
Underfull \hbox (badness 10000) in paragraph at lines 1212--1221

 []


Underfull \hbox (badness 10000) in paragraph at lines 1227--1235

 []

[33]
Underfull \hbox (badness 10000) in paragraph at lines 1236--1243

 []


Underfull \hbox (badness 10000) in paragraph at lines 1244--1251

 []

[34]
Underfull \hbox (badness 10000) in paragraph at lines 1252--1259

 []


Underfull \hbox (badness 10000) in paragraph at lines 1260--1268

 []


Underfull \hbox (badness 10000) in paragraph at lines 1271--1274

 []

[35]
Underfull \hbox (badness 10000) in paragraph at lines 1275--1283

 []


Underfull \hbox (badness 10000) in paragraph at lines 1284--1287

 []


Underfull \hbox (badness 10000) in paragraph at lines 1288--1297

 []


Underfull \hbox (badness 10000) in paragraph at lines 1298--1302

 []

[36]
Underfull \hbox (badness 10000) in paragraph at lines 1306--1309

 []


Underfull \hbox (badness 10000) in paragraph at lines 1310--1315

 []


Underfull \hbox (badness 10000) in paragraph at lines 1316--1322

 []


Underfull \hbox (badness 10000) in paragraph at lines 1325--1331

 []

[37]
LaTeX Font Info:    Font shape `OMS/cmr/m/n' in size <10.95> not available
(Font)              Font shape `OMS/cmsy/m/n' tried instead on input line 1342.


Underfull \hbox (badness 10000) in paragraph at lines 1350--1353

 []

[38]
Underfull \hbox (badness 10000) in paragraph at lines 1354--1357

 []


Underfull \hbox (badness 10000) in paragraph at lines 1358--1365

 []


Underfull \hbox (badness 10000) in paragraph at lines 1366--1371

 []

[39]
Underfull \hbox (badness 10000) in paragraph at lines 1393--1401

 []

[40]
Underfull \hbox (badness 10000) in paragraph at lines 1402--1409

 []


Underfull \hbox (badness 10000) in paragraph at lines 1410--1413

 []


Underfull \hbox (badness 10000) in paragraph at lines 1414--1417

 []


Underfull \hbox (badness 10000) in paragraph at lines 1418--1421

 []

[41]
Underfull \hbox (badness 10000) in paragraph at lines 1422--1426

 []


Underfull \hbox (badness 10000) in paragraph at lines 1429--1433

 []


Underfull \hbox (badness 10000) in paragraph at lines 1434--1442

 []


Underfull \hbox (badness 10000) in paragraph at lines 1443--1450

 []

[42]
Underfull \hbox (badness 10000) in paragraph at lines 1453--1458

 []


Underfull \hbox (badness 10000) in paragraph at lines 1459--1466

 []


Underfull \hbox (badness 10000) in paragraph at lines 1467--1469

 []

[43]
Underfull \hbox (badness 10000) in paragraph at lines 1472--1474

 []


Underfull \hbox (badness 10000) in paragraph at lines 1475--1480

 []


Underfull \hbox (badness 10000) in paragraph at lines 1481--1490

 []


Underfull \hbox (badness 10000) in paragraph at lines 1493--1497

 []

[44]
Underfull \hbox (badness 10000) in paragraph at lines 1498--1505

 []


Underfull \hbox (badness 10000) in paragraph at lines 1506--1516

 []


Underfull \hbox (badness 10000) in paragraph at lines 1519--1522

 []

[45]
Underfull \hbox (badness 10000) in paragraph at lines 1523--1531

 []

<images/seaker-hh-screen-2.png, id=213, 255.95625pt x 412.54124pt>
File: images/seaker-hh-screen-2.png Graphic file (type png)

<use images/seaker-hh-screen-2.png>
Package pdftex.def Info: images/seaker-hh-screen-2.png used on input line 1534.

(pdftex.def)             Requested size: 170.71652pt x 275.15482pt.
 [46]
Underfull \hbox (badness 10000) in paragraph at lines 1540--1546

 []


Underfull \hbox (badness 10000) in paragraph at lines 1547--1550

 []

<images/seaker-hh-screen-3.png, id=217, 255.95625pt x 416.55624pt>
File: images/seaker-hh-screen-3.png Graphic file (type png)

<use images/seaker-hh-screen-3.png>
Package pdftex.def Info: images/seaker-hh-screen-3.png used on input line 1553.

(pdftex.def)             Requested size: 170.71652pt x 277.83272pt.
 [47 <./images/seaker-hh-screen-2.png (PNG copy)>]
Underfull \hbox (badness 10000) in paragraph at lines 1559--1564

 []


Overfull \hbox (9.48293pt too wide) in paragraph at lines 1565--1570
\OT1/cmr/m/n/10.95 by not pro-vid-ing a link to it. The full path to it (http:/
/seaker01.local/keywords.php)
 []


Underfull \hbox (badness 10000) in paragraph at lines 1565--1570

 []

[48 <./images/seaker-hh-screen-3.png (PNG copy)>]
<images/DefaultKeywords.png, id=225, 254.8722pt x 359.9046pt>
File: images/DefaultKeywords.png Graphic file (type png)

<use images/DefaultKeywords.png>
Package pdftex.def Info: images/DefaultKeywords.png used on input line 1573.
(pdftex.def)             Requested size: 170.71652pt x 241.07991pt.

<images/ProcessFlow.png, id=226, 772.8875pt x 1317.92375pt>
File: images/ProcessFlow.png Graphic file (type png)

<use images/ProcessFlow.png>
Package pdftex.def Info: images/ProcessFlow.png used on input line 1590.
(pdftex.def)             Requested size: 312.9803pt x 533.69588pt.
 [49 <./images/DefaultKeywords.png>]
Overfull \vbox (22.69586pt too high) has occurred while \output is active []


[50 <./images/ProcessFlow.png>]
Underfull \hbox (badness 10000) in paragraph at lines 1596--1608

 []

[51] [52] [53] [54] [55] [56] [57]
Underfull \hbox (badness 10000) in paragraph at lines 1832--1835

 []


Underfull \hbox (badness 10000) in paragraph at lines 1836--1842

 []


Underfull \hbox (badness 10000) in paragraph at lines 1843--1849

 []


Underfull \hbox (badness 10000) in paragraph at lines 1850--1856

 []

[58]
Underfull \hbox (badness 10000) in paragraph at lines 1867--1868

 []


Underfull \hbox (badness 10000) in paragraph at lines 1869--1870

 []


Underfull \hbox (badness 10000) in paragraph at lines 1871--1872

 []


Underfull \hbox (badness 10000) in paragraph at lines 1873--1874

 []

[59]
Overfull \hbox (1.34009pt too wide) in paragraph at lines 1878--1882
\OT1/cmr/m/n/10.95 SEAKER de-vice is avail-able on github at https://github.com
/michaelsoltys/seaker. 
 []


Underfull \hbox (badness 10000) in paragraph at lines 1878--1882

 []


Underfull \hbox (badness 10000) in paragraph at lines 1883--1886

 []


Underfull \hbox (badness 10000) in paragraph at lines 1887--1893

 []


Underfull \hbox (badness 10000) in paragraph at lines 1894--1902

 []

[60]
Missing character: There is no ‚ in font cmr10!
Missing character: There is no Ä in font cmr10!
Missing character: There is no î in font cmr10!

Underfull \hbox (badness 10000) in paragraph at lines 1903--1909

 []


Underfull \hbox (badness 10000) in paragraph at lines 1910--1913

 []

Missing character: There is no ‚ in font cmr10!
Missing character: There is no Ä in font cmr10!
Missing character: There is no ú in font cmr10!
Missing character: There is no ‚ in font cmr10!
Missing character: There is no Ä in font cmr10!
Missing character: There is no ù in font cmr10!

Underfull \hbox (badness 10000) in paragraph at lines 1914--1918

 []

[61]
Missing character: There is no ‚ in font cmr10!
Missing character: There is no Ä in font cmr10!
Missing character: There is no ú in font cmr10!
Missing character: There is no ‚ in font cmr10!
Missing character: There is no Ä in font cmr10!
Missing character: There is no ù in font cmr10!

Underfull \hbox (badness 10000) in paragraph at lines 1919--1936

 []

[62]
Missing character: There is no ‚ in font cmr10!
Missing character: There is no Ä in font cmr10!
Missing character: There is no ô in font cmr10!

Underfull \hbox (badness 10000) in paragraph at lines 1937--1944

 []


Underfull \hbox (badness 10000) in paragraph at lines 1945--1947

 []


Underfull \hbox (badness 10000) in paragraph at lines 1948--1952

 []


Underfull \hbox (badness 10000) in paragraph at lines 1953--1958

 []

[63]
Underfull \hbox (badness 10000) in paragraph at lines 1959--1965

 []

[64]
Missing character: There is no ‚ in font cmr10!
Missing character: There is no Ä in font cmr10!
Missing character: There is no ú in font cmr10!
Missing character: There is no ‚ in font cmr10!
Missing character: There is no Ä in font cmr10!
Missing character: There is no ù in font cmr10!
 [65] [66] [67] [68] [69]
Underfull \hbox (badness 10000) in paragraph at lines 2089--2095

 []


Underfull \hbox (badness 10000) in paragraph at lines 2096--2101

 []

[70]
Underfull \hbox (badness 10000) in paragraph at lines 2102--2109

 []

[71]
Overfull \hbox (61.55296pt too wide) in paragraph at lines 2150--2173
 [] 
 []

[72] [73] <images/SeakerCreation.png, id=308, 837.1275pt x 520.94624pt>
File: images/SeakerCreation.png Graphic file (type png)

<use images/SeakerCreation.png>
Package pdftex.def Info: images/SeakerCreation.png used on input line 2183.
(pdftex.def)             Requested size: 398.33858pt x 247.88129pt.

Overfull \hbox (8.33858pt too wide) in paragraph at lines 2183--2184
 [] 
 []


Overfull \hbox (12.30379pt too wide) in paragraph at lines 2190--2193
\OT1/cmr/m/n/10.95 (https://www.raspberrypi.org/downloads/raspbian/). Note the 
lo-ca-tion where
 []


Overfull \hbox (20.4605pt too wide) in paragraph at lines 2197--2198
[][][]\OT1/cmtt/m/n/10.95 prep.sh []\OT1/cmr/m/n/10.95 file lo-ca-tion: https:/
/s3-us-west-2.amazonaws.com/seaker/prep.sh 
 []


Overfull \hbox (39.86606pt too wide) in paragraph at lines 2199--2200
[][][]\OT1/cmtt/m/n/10.95 seakerfiles []\OT1/cmr/m/n/10.95 lo-ca-tion: https://
s3-us-west-2.amazonaws.com/seaker/seakerfiles 
 []


Underfull \hbox (badness 10000) in paragraph at lines 2201--2204

 []

[74 <./images/SeakerCreation.png>]
(/usr/local/texlive/2017/texmf-dist/tex/latex/listings/lstlang1.sty
File: lstlang1.sty 2015/06/04 1.6 listings language file
)
(/usr/local/texlive/2017/texmf-dist/tex/latex/listings/lstlang1.sty
File: lstlang1.sty 2015/06/04 1.6 listings language file
)
(./code/config.sh
Missing character: There is no ‚ in font cmr6!
Missing character: There is no Ä in font cmr6!
Missing character: There is no ù in font cmr6!
)
Underfull \hbox (badness 10000) in paragraph at lines 2207--2212

 []

[75]
Missing character: There is no ‚ in font cmr10!
Missing character: There is no Ä in font cmr10!
Missing character: There is no ò in font cmr10!
Missing character: There is no ‚ in font cmr10!
Missing character: There is no Ä in font cmr10!
Missing character: There is no ô in font cmr10!

Underfull \hbox (badness 10000) in paragraph at lines 2245--2246

 []

[76]
Overfull \hbox (2.01836pt too wide) in paragraph at lines 2260--2264
\OT1/cmr/m/n/10.95 win-dow and en-ter the com-mand be-low. Re-place the ``c8:26
:3b:d2:63:d5''
 []

[77] [78]
Underfull \hbox (badness 10000) in paragraph at lines 2296--2299

 []


Underfull \hbox (badness 10000) in paragraph at lines 2300--2307

 []

<images/seaker-hh-screen-1.jpg, id=327, 255.95625pt x 220.825pt>
File: images/seaker-hh-screen-1.jpg Graphic file (type jpg)

<use images/seaker-hh-screen-1.jpg>
Package pdftex.def Info: images/seaker-hh-screen-1.jpg used on input line 2310.

(pdftex.def)             Requested size: 170.71652pt x 147.2848pt.

Underfull \hbox (badness 10000) in paragraph at lines 2316--2322

 []

[79 <./images/seaker-hh-screen-1.jpg>]
Underfull \hbox (badness 10000) in paragraph at lines 2323--2335

 []

<images/seaker-hh-screen-2.jpg, id=331, 255.95625pt x 412.54124pt>
File: images/seaker-hh-screen-2.jpg Graphic file (type jpg)

<use images/seaker-hh-screen-2.jpg>
Package pdftex.def Info: images/seaker-hh-screen-2.jpg used on input line 2338.

(pdftex.def)             Requested size: 170.71652pt x 275.15482pt.
 [80]
Underfull \hbox (badness 10000) in paragraph at lines 2344--2351

 []

[81 <./images/seaker-hh-screen-2.jpg>]
<images/seaker-hh-screen-3.jpg, id=339, 255.95625pt x 416.55624pt>
File: images/seaker-hh-screen-3.jpg Graphic file (type jpg)

<use images/seaker-hh-screen-3.jpg>
Package pdftex.def Info: images/seaker-hh-screen-3.jpg used on input line 2364.

(pdftex.def)             Requested size: 170.71652pt x 277.83272pt.

Underfull \hbox (badness 10000) in paragraph at lines 2370--2384

 []

[82 <./images/seaker-hh-screen-3.jpg>]
<images/user_process_flow.jpg, id=343, 427.5975pt x 481.8pt>
File: images/user_process_flow.jpg Graphic file (type jpg)

<use images/user_process_flow.jpg>
Package pdftex.def Info: images/user_process_flow.jpg used on input line 2390.
(pdftex.def)             Requested size: 284.52756pt x 320.59146pt.
 [83 <./images/user_process_flow.jpg>]
(./code/collect_files.c
LaTeX Font Info:    Try loading font information for OML+cmr on input line 1.

(/usr/local/texlive/2017/texmf-dist/tex/latex/base/omlcmr.fd
File: omlcmr.fd 2014/09/29 v2.5h Standard LaTeX font definitions
)
LaTeX Font Info:    Font shape `OML/cmr/m/n' in size <6> not available
(Font)              Font shape `OML/cmm/m/it' tried instead on input line 1.
LaTeX Font Info:    Font shape `OMS/cmr/m/n' in size <6> not available
(Font)              Font shape `OMS/cmsy/m/n' tried instead on input line 7.
) [84]
Overfull \hbox (0.72978pt too wide) in paragraph at lines 2424--2447
 [] 
 []


Underfull \hbox (badness 10000) in paragraph at lines 2451--2452

 []

[85] [86] (./2018_CSUCI_EricGentry_Thesis.bbl [87] [88]) [89]
(./2018_CSUCI_EricGentry_Thesis.aux) ) 
Here is how much of TeX's memory you used:
 13982 strings out of 492995
 203733 string characters out of 6132704
 471177 words of memory out of 5000000
 17176 multiletter control sequences out of 15000+600000
 18196 words of font info for 79 fonts, out of 8000000 for 9000
 1142 hyphenation exceptions out of 8191
 48i,18n,100p,3343b,1254s stack positions out of 5000i,500n,10000p,200000b,80000s
</usr/local/texlive/2017/texmf-dist/fonts
/type1/public/amsfonts/cm/cmbx10.pfb></usr/local/texlive/2017/texmf-dist/fonts/
type1/public/amsfonts/cm/cmbx12.pfb></usr/local/texlive/2017/texmf-dist/fonts/t
ype1/public/amsfonts/cm/cmbx6.pfb></usr/local/texlive/2017/texmf-dist/fonts/typ
e1/public/amsfonts/cm/cmmi6.pfb></usr/local/texlive/2017/texmf-dist/fonts/type1
/public/amsfonts/cm/cmr10.pfb></usr/local/texlive/2017/texmf-dist/fonts/type1/p
ublic/amsfonts/cm/cmr12.pfb></usr/local/texlive/2017/texmf-dist/fonts/type1/pub
lic/amsfonts/cm/cmr17.pfb></usr/local/texlive/2017/texmf-dist/fonts/type1/publi
c/amsfonts/cm/cmr6.pfb></usr/local/texlive/2017/texmf-dist/fonts/type1/public/a
msfonts/cm/cmsy10.pfb></usr/local/texlive/2017/texmf-dist/fonts/type1/public/am
sfonts/cm/cmsy6.pfb></usr/local/texlive/2017/texmf-dist/fonts/type1/public/amsf
onts/cm/cmti10.pfb></usr/local/texlive/2017/texmf-dist/fonts/type1/public/amsfo
nts/cm/cmtt10.pfb></usr/local/texlive/2017/texmf-dist/fonts/type1/public/amsfon
ts/cm/cmtt12.pfb>
Output written on 2018_CSUCI_EricGentry_Thesis.pdf (102 pages, 1263544 bytes).
PDF statistics:
 415 PDF objects out of 1000 (max. 8388607)
 274 compressed objects within 3 object streams
 0 named destinations out of 1000 (max. 500000)
 81 words of extra memory for PDF output out of 10000 (max. 10000000)

